2026-01-30T10:14:51,672 Using pip 25.3 from F:\đai lý sơn phát tấn 1\.venv\Lib\site-packages\pip (python 3.14)
2026-01-30T10:14:51,673 Non-user install because user site-packages disabled
2026-01-30T10:16:46,532 Using pip 25.3 from F:\đai lý sơn phát tấn 1\.venv\Lib\site-packages\pip (python 3.14)
2026-01-30T10:16:46,533 Non-user install because user site-packages disabled
2026-01-30T10:30:44,545 Using pip 25.3 from F:\đai lý sơn phát tấn 1\.venv\Lib\site-packages\pip (python 3.14)
2026-01-30T10:30:44,546 Non-user install because user site-packages disabled
2026-01-30T10:36:21,965 Using pip 25.3 from F:\đai lý sơn phát tấn 1\.venv\Lib\site-packages\pip (python 3.14)
2026-01-30T10:36:22,303 Non-user install because user site-packages disabled
2026-01-30T10:38:00,913 Ignoring indexes: https://pypi.org/simple
2026-01-30T10:38:00,915 Created temporary directory: C:\Users\letan\AppData\Local\Temp\pip-build-tracker-1smu5qbx
2026-01-30T10:38:00,915 Initialized build tracking at C:\Users\letan\AppData\Local\Temp\pip-build-tracker-1smu5qbx
2026-01-30T10:38:00,915 Created build tracker: C:\Users\letan\AppData\Local\Temp\pip-build-tracker-1smu5qbx
2026-01-30T10:38:00,915 Entered build tracker: C:\Users\letan\AppData\Local\Temp\pip-build-tracker-1smu5qbx
2026-01-30T10:38:00,915 Created temporary directory: C:\Users\letan\AppData\Local\Temp\pip-install-e7qt6_or
2026-01-30T10:38:00,917 Created temporary directory: C:\Users\letan\AppData\Local\Temp\pip-ephem-wheel-cache-hvmso8pq
2026-01-30T10:38:00,933 Looking in links: ./wheels
2026-01-30T10:38:00,934 0 location(s) to search for versions of pillow:
2026-01-30T10:38:00,966 Skipping link: none of the wheel's tags (pp311-pypy311_pp73-win_amd64) are compatible (run pip debug --verbose to show compatible tags): file:///F:/%C4%91ai%20l%C3%BD%20s%C6%A1n%20ph%C3%A1t%20t%E1%BA%A5n%201/wheels/pillow-12.1.0-pp311-pypy311_pp73-win_amd64.whl
2026-01-30T10:38:00,966 Given no hashes to check 0 links for project 'pillow': discarding no candidates
2026-01-30T10:38:00,966 ERROR: Could not find a version that satisfies the requirement Pillow==10.2.0 (from versions: none)
2026-01-30T10:38:00,966 ERROR: No matching distribution found for Pillow==10.2.0
2026-01-30T10:38:00,967 Exception information:
2026-01-30T10:38:00,967 Traceback (most recent call last):
2026-01-30T10:38:00,967   File "F:\đai lý sơn phát tấn 1\.venv\Lib\site-packages\pip\_vendor\resolvelib\resolvers\resolution.py", line 434, in resolve
2026-01-30T10:38:00,967     self._add_to_criteria(self.state.criteria, r, parent=None)
2026-01-30T10:38:00,967     ~~~~~~~~~~~~~~~~~~~~~^^^^^^^^^^^^^^^^^^^^^^^^^^^^^^^^^^^^^
2026-01-30T10:38:00,967   File "F:\đai lý sơn phát tấn 1\.venv\Lib\site-packages\pip\_vendor\resolvelib\resolvers\resolution.py", line 151, in _add_to_criteria
2026-01-30T10:38:00,967     raise RequirementsConflicted(criterion)
2026-01-30T10:38:00,967 pip._vendor.resolvelib.resolvers.exceptions.RequirementsConflicted: Requirements conflict: SpecifierRequirement('Pillow==10.2.0')
2026-01-30T10:38:00,967 
2026-01-30T10:38:00,967 The above exception was the direct cause of the following exception:
2026-01-30T10:38:00,967 
2026-01-30T10:38:00,967 Traceback (most recent call last):
2026-01-30T10:38:00,967   File "F:\đai lý sơn phát tấn 1\.venv\Lib\site-packages\pip\_internal\resolution\resolvelib\resolver.py", line 99, in resolve
2026-01-30T10:38:00,967     result = self._result = resolver.resolve(
2026-01-30T10:38:00,967                             ~~~~~~~~~~~~~~~~^
2026-01-30T10:38:00,967         collected.requirements, max_rounds=limit_how_complex_resolution_can_be
2026-01-30T10:38:00,967         ^^^^^^^^^^^^^^^^^^^^^^^^^^^^^^^^^^^^^^^^^^^^^^^^^^^^^^^^^^^^^^^^^^^^^^
2026-01-30T10:38:00,967     )
2026-01-30T10:38:00,967     ^
2026-01-30T10:38:00,967   File "F:\đai lý sơn phát tấn 1\.venv\Lib\site-packages\pip\_vendor\resolvelib\resolvers\resolution.py", line 601, in resolve
2026-01-30T10:38:00,967     state = resolution.resolve(requirements, max_rounds=max_rounds)
2026-01-30T10:38:00,967   File "F:\đai lý sơn phát tấn 1\.venv\Lib\site-packages\pip\_vendor\resolvelib\resolvers\resolution.py", line 436, in resolve
2026-01-30T10:38:00,967     raise ResolutionImpossible(e.criterion.information) from e
2026-01-30T10:38:00,967 pip._vendor.resolvelib.resolvers.exceptions.ResolutionImpossible: [RequirementInformation(requirement=SpecifierRequirement('Pillow==10.2.0'), parent=None)]
2026-01-30T10:38:00,967 
2026-01-30T10:38:00,967 The above exception was the direct cause of the following exception:
2026-01-30T10:38:00,967 
2026-01-30T10:38:00,967 Traceback (most recent call last):
2026-01-30T10:38:00,967   File "F:\đai lý sơn phát tấn 1\.venv\Lib\site-packages\pip\_internal\cli\base_command.py", line 107, in _run_wrapper
2026-01-30T10:38:00,967     status = _inner_run()
2026-01-30T10:38:00,967   File "F:\đai lý sơn phát tấn 1\.venv\Lib\site-packages\pip\_internal\cli\base_command.py", line 98, in _inner_run
2026-01-30T10:38:00,967     return self.run(options, args)
2026-01-30T10:38:00,967            ~~~~~~~~^^^^^^^^^^^^^^^
2026-01-30T10:38:00,967   File "F:\đai lý sơn phát tấn 1\.venv\Lib\site-packages\pip\_internal\cli\req_command.py", line 85, in wrapper
2026-01-30T10:38:00,967     return func(self, options, args)
2026-01-30T10:38:00,967   File "F:\đai lý sơn phát tấn 1\.venv\Lib\site-packages\pip\_internal\commands\install.py", line 388, in run
2026-01-30T10:38:00,967     requirement_set = resolver.resolve(
2026-01-30T10:38:00,967         reqs, check_supported_wheels=not options.target_dir
2026-01-30T10:38:00,967     )
2026-01-30T10:38:00,967   File "F:\đai lý sơn phát tấn 1\.venv\Lib\site-packages\pip\_internal\resolution\resolvelib\resolver.py", line 108, in resolve
2026-01-30T10:38:00,967     raise error from e
2026-01-30T10:38:00,967 pip._internal.exceptions.DistributionNotFound: No matching distribution found for Pillow==10.2.0
2026-01-30T10:38:00,970 Removed build tracker: 'C:\\Users\\letan\\AppData\\Local\\Temp\\pip-build-tracker-1smu5qbx'
